2026-07-20 09:21:08,704 [INFO] Starting bot. DRY_RUN=False
2026-07-20 09:21:09,340 [INFO] Logged in to Angel One SmartAPI.
2026-07-20 09:21:09,353 [ERROR] Main loop error: 'symbol'
Traceback (most recent call last):
  File "C:\Users\Win11\AppData\Local\Temp\ipykernel_12556\2321868194.py", line 24, in main
    if symbol_info["symbol"] not in state:
       ~~~~~~~~~~~^^^^^^^^^^
KeyError: 'symbol'
2026-07-20 09:21:40,219 [ERROR] Main loop error: 'symbol'
Traceback (most recent call last):
  File "C:\Users\Win11\AppData\Local\Temp\ipykernel_12556\2321868194.py", line 24, in main
    if symbol_info["symbol"] not in state:
       ~~~~~~~~~~~^^^^^^^^^^
KeyError: 'symbol'
2026-07-20 09:22:16,753 [INFO] Starting bot. DRY_RUN=False
2026-07-20 09:22:17,362 [INFO] Logged in to Angel One SmartAPI.
2026-07-20 09:25:23,396 [ERROR] Error processing SENSEX: 'symbol'
Traceback (most recent call last):
  File "C:\Users\Win11\AppData\Local\Temp\ipykernel_12556\488252979.py", line 31, in main
    process_symbol(smart_api, symbol_info, state)
    ~~~~~~~~~~~~~~^^^^^^^^^^^^^^^^^^^^^^^^^^^^^^^
  File "C:\Users\Win11\AppData\Local\Temp\ipykernel_12556\836988992.py", line 3, in process_symbol
    symbol = symbol_info["symbol"]
             ~~~~~~~~~~~^^^^^^^^^^
KeyError: 'symbol'
2026-07-20 09:33:51,890 [INFO] Starting bot. DRY_RUN=False
2026-07-20 09:33:52,453 [INFO] Logged in to Angel One SmartAPI.
2026-07-20 09:33:52,459 [INFO] Loaded existing state from disk (resuming after restart).
2026-07-20 09:35:25,479 [ERROR] Error processing SENSEX: 'token'
Traceback (most recent call last):
  File "C:\Users\Win11\AppData\Local\Temp\ipykernel_36984\286511920.py", line 31, in main
    process_symbol(smart_api, symbol_info, state)
    ~~~~~~~~~~~~~~^^^^^^^^^^^^^^^^^^^^^^^^^^^^^^^
  File "C:\Users\Win11\AppData\Local\Temp\ipykernel_36984\836988992.py", line 5, in process_symbol
    df_10m = fetch_candles(smart_api, symbol_info["token"], symbol_info["exchange"], "TEN_MINUTE", 10 * 4)
                                      ~~~~~~~~~~~^^^^^^^^^
KeyError: 'token'
2026-07-20 09:45:14,758 [ERROR] Error processing SENSEX: 'token'
Traceback (most recent call last):
  File "C:\Users\Win11\AppData\Local\Temp\ipykernel_36984\286511920.py", line 31, in main
    process_symbol(smart_api, symbol_info, state)
    ~~~~~~~~~~~~~~^^^^^^^^^^^^^^^^^^^^^^^^^^^^^^^
  File "C:\Users\Win11\AppData\Local\Temp\ipykernel_36984\836988992.py", line 5, in process_symbol
    df_10m = fetch_candles(smart_api, symbol_info["token"], symbol_info["exchange"], "TEN_MINUTE", 10 * 4)
                                      ~~~~~~~~~~~^^^^^^^^^
KeyError: 'token'
2026-07-20 09:48:05,537 [INFO] Starting bot. DRY_RUN=False
2026-07-20 09:48:06,219 [INFO] Logged in to Angel One SmartAPI.
2026-07-20 09:48:06,226 [INFO] Loaded existing state from disk (resuming after restart).
2026-07-20 09:55:28,854 [ERROR] Error processing SENSEX: fetch_candles() takes 4 positional arguments but 5 were given
Traceback (most recent call last):
  File "C:\Users\Win11\AppData\Local\Temp\ipykernel_30044\286511920.py", line 31, in main
    process_symbol(smart_api, symbol_info, state)
    ~~~~~~~~~~~~~~^^^^^^^^^^^^^^^^^^^^^^^^^^^^^^^
  File "C:\Users\Win11\AppData\Local\Temp\ipykernel_30044\836988992.py", line 5, in process_symbol
    df_10m = fetch_candles(smart_api, symbol_info["token"], symbol_info["exchange"], "TEN_MINUTE", 10 * 4)
TypeError: fetch_candles() takes 4 positional arguments but 5 were given
2026-07-20 10:02:21,346 [INFO] Bot stopped manually.
2026-07-20 10:03:56,784 [INFO] Starting bot. DRY_RUN=False
2026-07-20 10:03:57,416 [INFO] Logged in to Angel One SmartAPI.
2026-07-20 10:03:57,445 [INFO] Loaded existing state from disk (resuming after restart).
2026-07-20 10:05:05,465 [ERROR] Error processing SENSEX: string indices must be integers, not 'str'
Traceback (most recent call last):
  File "C:\Users\Win11\AppData\Local\Temp\ipykernel_30044\286511920.py", line 31, in main
    process_symbol(smart_api, symbol_info, state)
    ~~~~~~~~~~~~~~^^^^^^^^^^^^^^^^^^^^^^^^^^^^^^^
  File "C:\Users\Win11\AppData\Local\Temp\ipykernel_30044\1500720368.py", line 5, in process_symbol
    df_10m = fetch_candles(smart_api, symbol_info["token"], "TEN_MINUTE", 10 * 4)
  File "C:\Users\Win11\AppData\Local\Temp\ipykernel_30044\649728151.py", line 9, in fetch_candles
    exchange_const = getattr(groww, f"EXCHANGE_{symbol_info['exchange']}", groww.EXCHANGE_NSE)
                                                ~~~~~~~~~~~^^^^^^^^^^^^
TypeError: string indices must be integers, not 'str'
2026-07-20 10:15:17,975 [INFO] Bot stopped manually.
2026-07-20 10:15:24,822 [INFO] Starting bot. DRY_RUN=False
2026-07-20 10:15:25,989 [INFO] Logged in to Angel One SmartAPI.
2026-07-20 10:15:26,009 [INFO] Loaded existing state from disk (resuming after restart).
2026-07-20 10:15:26,027 [ERROR] Error processing SENSEX: fetch_candles() missing 1 required positional argument: 'lookback_minutes'
Traceback (most recent call last):
  File "C:\Users\Win11\AppData\Local\Temp\ipykernel_30044\286511920.py", line 31, in main
    process_symbol(smart_api, symbol_info, state)
    ~~~~~~~~~~~~~~^^^^^^^^^^^^^^^^^^^^^^^^^^^^^^^
  File "C:\Users\Win11\AppData\Local\Temp\ipykernel_30044\1500720368.py", line 5, in process_symbol
    df_10m = fetch_candles(smart_api, symbol_info["token"], "TEN_MINUTE", 10 * 4)
TypeError: fetch_candles() missing 1 required positional argument: 'lookback_minutes'
2026-07-20 10:25:04,419 [ERROR] Error processing SENSEX: fetch_candles() missing 1 required positional argument: 'lookback_minutes'
Traceback (most recent call last):
  File "C:\Users\Win11\AppData\Local\Temp\ipykernel_30044\286511920.py", line 31, in main
    process_symbol(smart_api, symbol_info, state)
    ~~~~~~~~~~~~~~^^^^^^^^^^^^^^^^^^^^^^^^^^^^^^^
  File "C:\Users\Win11\AppData\Local\Temp\ipykernel_30044\1500720368.py", line 5, in process_symbol
    df_10m = fetch_candles(smart_api, symbol_info["token"], "TEN_MINUTE", 10 * 4)
TypeError: fetch_candles() missing 1 required positional argument: 'lookback_minutes'
2026-07-20 10:26:12,473 [INFO] Bot stopped manually.
2026-07-20 10:26:28,880 [INFO] Starting bot. DRY_RUN=False
2026-07-20 10:26:29,580 [INFO] Logged in to Angel One SmartAPI.
2026-07-20 10:26:29,591 [INFO] Loaded existing state from disk (resuming after restart).
2026-07-20 10:50:41,771 [INFO] Bot stopped manually.
2026-07-20 10:51:01,744 [INFO] Starting bot. DRY_RUN=False
2026-07-20 10:51:03,604 [INFO] Logged in to Angel One SmartAPI.
2026-07-20 10:51:03,630 [INFO] Loaded existing state from disk (resuming after restart).
2026-07-20 10:51:03,655 [ERROR] Main loop error: cannot access local variable 'now' where it is not associated with a value
Traceback (most recent call last):
  File "C:\Users\Win11\AppData\Local\Temp\ipykernel_30044\2679609737.py", line 21, in main
    if now.minute in TEN_MIN_FETCH_MINUTES and last_10m_marker != current_hm:
       ^^^
UnboundLocalError: cannot access local variable 'now' where it is not associated with a value
2026-07-20 10:51:34,525 [ERROR] Main loop error: cannot access local variable 'now' where it is not associated with a value
Traceback (most recent call last):
  File "C:\Users\Win11\AppData\Local\Temp\ipykernel_30044\2679609737.py", line 21, in main
    if now.minute in TEN_MIN_FETCH_MINUTES and last_10m_marker != current_hm:
       ^^^
UnboundLocalError: cannot access local variable 'now' where it is not associated with a value
2026-07-20 10:52:15,453 [ERROR] Main loop error: cannot access local variable 'now' where it is not associated with a value
Traceback (most recent call last):
  File "C:\Users\Win11\AppData\Local\Temp\ipykernel_30044\2679609737.py", line 21, in main
    if now.minute in TEN_MIN_FETCH_MINUTES and last_10m_marker != current_hm:
       ^^^
UnboundLocalError: cannot access local variable 'now' where it is not associated with a value
2026-07-20 10:52:46,356 [ERROR] Main loop error: cannot access local variable 'now' where it is not associated with a value
Traceback (most recent call last):
  File "C:\Users\Win11\AppData\Local\Temp\ipykernel_30044\2679609737.py", line 21, in main
    if now.minute in TEN_MIN_FETCH_MINUTES and last_10m_marker != current_hm:
       ^^^
UnboundLocalError: cannot access local variable 'now' where it is not associated with a value
2026-07-20 10:53:17,179 [ERROR] Main loop error: cannot access local variable 'now' where it is not associated with a value
Traceback (most recent call last):
  File "C:\Users\Win11\AppData\Local\Temp\ipykernel_30044\2679609737.py", line 21, in main
    if now.minute in TEN_MIN_FETCH_MINUTES and last_10m_marker != current_hm:
       ^^^
UnboundLocalError: cannot access local variable 'now' where it is not associated with a value
2026-07-20 10:53:48,271 [ERROR] Main loop error: cannot access local variable 'now' where it is not associated with a value
Traceback (most recent call last):
  File "C:\Users\Win11\AppData\Local\Temp\ipykernel_30044\2679609737.py", line 21, in main
    if now.minute in TEN_MIN_FETCH_MINUTES and last_10m_marker != current_hm:
       ^^^
UnboundLocalError: cannot access local variable 'now' where it is not associated with a value
2026-07-20 10:54:19,174 [ERROR] Main loop error: cannot access local variable 'now' where it is not associated with a value
Traceback (most recent call last):
  File "C:\Users\Win11\AppData\Local\Temp\ipykernel_30044\2679609737.py", line 21, in main
    if now.minute in TEN_MIN_FETCH_MINUTES and last_10m_marker != current_hm:
       ^^^
UnboundLocalError: cannot access local variable 'now' where it is not associated with a value
2026-07-20 10:54:50,143 [ERROR] Main loop error: cannot access local variable 'now' where it is not associated with a value
Traceback (most recent call last):
  File "C:\Users\Win11\AppData\Local\Temp\ipykernel_30044\2679609737.py", line 21, in main
    if now.minute in TEN_MIN_FETCH_MINUTES and last_10m_marker != current_hm:
       ^^^
UnboundLocalError: cannot access local variable 'now' where it is not associated with a value
2026-07-20 10:55:21,031 [ERROR] Main loop error: cannot access local variable 'now' where it is not associated with a value
Traceback (most recent call last):
  File "C:\Users\Win11\AppData\Local\Temp\ipykernel_30044\2679609737.py", line 21, in main
    if now.minute in TEN_MIN_FETCH_MINUTES and last_10m_marker != current_hm:
       ^^^
UnboundLocalError: cannot access local variable 'now' where it is not associated with a value
2026-07-20 10:55:51,969 [ERROR] Main loop error: cannot access local variable 'now' where it is not associated with a value
Traceback (most recent call last):
  File "C:\Users\Win11\AppData\Local\Temp\ipykernel_30044\2679609737.py", line 21, in main
    if now.minute in TEN_MIN_FETCH_MINUTES and last_10m_marker != current_hm:
       ^^^
UnboundLocalError: cannot access local variable 'now' where it is not associated with a value
2026-07-20 10:56:32,779 [ERROR] Main loop error: cannot access local variable 'now' where it is not associated with a value
Traceback (most recent call last):
  File "C:\Users\Win11\AppData\Local\Temp\ipykernel_30044\2679609737.py", line 21, in main
    if now.minute in TEN_MIN_FETCH_MINUTES and last_10m_marker != current_hm:
       ^^^
UnboundLocalError: cannot access local variable 'now' where it is not associated with a value
2026-07-20 10:57:03,704 [ERROR] Main loop error: cannot access local variable 'now' where it is not associated with a value
Traceback (most recent call last):
  File "C:\Users\Win11\AppData\Local\Temp\ipykernel_30044\2679609737.py", line 21, in main
    if now.minute in TEN_MIN_FETCH_MINUTES and last_10m_marker != current_hm:
       ^^^
UnboundLocalError: cannot access local variable 'now' where it is not associated with a value
2026-07-20 10:57:34,703 [ERROR] Main loop error: cannot access local variable 'now' where it is not associated with a value
Traceback (most recent call last):
  File "C:\Users\Win11\AppData\Local\Temp\ipykernel_30044\2679609737.py", line 21, in main
    if now.minute in TEN_MIN_FETCH_MINUTES and last_10m_marker != current_hm:
       ^^^
UnboundLocalError: cannot access local variable 'now' where it is not associated with a value
2026-07-20 10:58:05,570 [ERROR] Main loop error: cannot access local variable 'now' where it is not associated with a value
Traceback (most recent call last):
  File "C:\Users\Win11\AppData\Local\Temp\ipykernel_30044\2679609737.py", line 21, in main
    if now.minute in TEN_MIN_FETCH_MINUTES and last_10m_marker != current_hm:
       ^^^
UnboundLocalError: cannot access local variable 'now' where it is not associated with a value
2026-07-20 10:58:36,426 [ERROR] Main loop error: cannot access local variable 'now' where it is not associated with a value
Traceback (most recent call last):
  File "C:\Users\Win11\AppData\Local\Temp\ipykernel_30044\2679609737.py", line 21, in main
    if now.minute in TEN_MIN_FETCH_MINUTES and last_10m_marker != current_hm:
       ^^^
UnboundLocalError: cannot access local variable 'now' where it is not associated with a value
2026-07-20 11:32:24,286 [INFO] Starting bot. DRY_RUN=False
2026-07-20 11:32:24,886 [INFO] Logged in to Angel One SmartAPI.
2026-07-20 11:32:24,900 [INFO] Loaded existing state from disk (resuming after restart).
2026-07-20 11:34:30,338 [ERROR] Candle fetch error (attempt 1): Couldn't parse the JSON response received from the server: b'Access denied because of exceeding access rate'
2026-07-20 11:34:31,536 [ERROR] Candle fetch error (attempt 2): Couldn't parse the JSON response received from the server: b'Access denied because of exceeding access rate'
2026-07-20 11:34:32,735 [ERROR] Candle fetch error (attempt 3): Couldn't parse the JSON response received from the server: b'Access denied because of exceeding access rate'
2026-07-20 11:35:36,164 [ERROR] Candle fetch error (attempt 1): Couldn't parse the JSON response received from the server: b'Access denied because of exceeding access rate'
2026-07-20 11:36:08,598 [ERROR] Candle fetch error (attempt 1): Couldn't parse the JSON response received from the server: b'Access denied because of exceeding access rate'
2026-07-20 11:36:09,818 [ERROR] Candle fetch error (attempt 2): Couldn't parse the JSON response received from the server: b'Access denied because of exceeding access rate'
2026-07-20 11:36:42,264 [ERROR] Candle fetch error (attempt 1): Couldn't parse the JSON response received from the server: b'Access denied because of exceeding access rate'
2026-07-20 11:39:51,051 [ERROR] Candle fetch error (attempt 1): Couldn't parse the JSON response received from the server: b'Access denied because of exceeding access rate'
2026-07-20 11:40:23,539 [ERROR] Candle fetch error (attempt 1): Couldn't parse the JSON response received from the server: b'Access denied because of exceeding access rate'
2026-07-20 11:40:24,749 [ERROR] Candle fetch error (attempt 2): Couldn't parse the JSON response received from the server: b'Access denied because of exceeding access rate'
2026-07-20 11:43:33,760 [ERROR] Candle fetch error (attempt 1): Couldn't parse the JSON response received from the server: b'Access denied because of exceeding access rate'
2026-07-20 11:45:40,102 [ERROR] Candle fetch error (attempt 1): Couldn't parse the JSON response received from the server: b'Access denied because of exceeding access rate'
2026-07-20 11:45:41,323 [ERROR] Candle fetch error (attempt 2): Couldn't parse the JSON response received from the server: b'Access denied because of exceeding access rate'
2026-07-20 11:46:45,105 [ERROR] Candle fetch error (attempt 1): Couldn't parse the JSON response received from the server: b'Access denied because of exceeding access rate'
2026-07-20 11:47:48,867 [ERROR] Candle fetch error (attempt 1): Couldn't parse the JSON response received from the server: b'Access denied because of exceeding access rate'
2026-07-20 11:47:50,117 [ERROR] Candle fetch error (attempt 2): Couldn't parse the JSON response received from the server: b'Access denied because of exceeding access rate'
2026-07-20 11:47:51,301 [ERROR] Candle fetch error (attempt 3): Couldn't parse the JSON response received from the server: b'Access denied because of exceeding access rate'
2026-07-20 11:49:57,284 [ERROR] Candle fetch error (attempt 1): Couldn't parse the JSON response received from the server: b'Access denied because of exceeding access rate'
2026-07-20 11:50:29,734 [ERROR] Candle fetch error (attempt 1): Couldn't parse the JSON response received from the server: b'Access denied because of exceeding access rate'
2026-07-20 11:53:10,176 [ERROR] Candle fetch error (attempt 1): Couldn't parse the JSON response received from the server: b'Access denied because of exceeding access rate'
2026-07-20 11:53:44,049 [ERROR] Candle fetch error (attempt 1): Couldn't parse the JSON response received from the server: b'Access denied because of exceeding access rate'
2026-07-20 11:55:54,001 [ERROR] Candle fetch error (attempt 1): Couldn't parse the JSON response received from the server: b'Access denied because of exceeding access rate'
2026-07-20 11:58:00,181 [ERROR] Candle fetch error (attempt 1): Couldn't parse the JSON response received from the server: b'Access denied because of exceeding access rate'
2026-07-20 11:58:01,362 [ERROR] Candle fetch error (attempt 2): Couldn't parse the JSON response received from the server: b'Access denied because of exceeding access rate'
2026-07-20 11:59:06,619 [ERROR] Candle fetch error (attempt 1): HTTPSConnectionPool(host='apiconnect.angelone.in', port=443): Max retries exceeded with url: /rest/secure/angelbroking/historical/v1/getCandleData (Caused by NameResolutionError("<urllib3.connection.HTTPSConnection object at 0x000001E3077F2350>: Failed to resolve 'apiconnect.angelone.in' ([Errno 11001] getaddrinfo failed)"))
2026-07-20 12:00:10,618 [ERROR] Candle fetch error (attempt 1): Couldn't parse the JSON response received from the server: b'Access denied because of exceeding access rate'
2026-07-20 12:01:45,557 [ERROR] Candle fetch error (attempt 1): Couldn't parse the JSON response received from the server: b'Access denied because of exceeding access rate'
2026-07-20 12:02:18,459 [ERROR] Candle fetch error (attempt 1): Couldn't parse the JSON response received from the server: b'Access denied because of exceeding access rate'
2026-07-20 12:02:19,892 [ERROR] Candle fetch error (attempt 2): Couldn't parse the JSON response received from the server: b'Access denied because of exceeding access rate'
2026-07-20 12:04:26,256 [ERROR] Candle fetch error (attempt 1): Couldn't parse the JSON response received from the server: b'Access denied because of exceeding access rate'
2026-07-20 12:04:58,884 [ERROR] Candle fetch error (attempt 1): Couldn't parse the JSON response received from the server: b'Access denied because of exceeding access rate'
2026-07-20 12:05:00,118 [ERROR] Candle fetch error (attempt 2): Couldn't parse the JSON response received from the server: b'Access denied because of exceeding access rate'
2026-07-20 12:05:01,319 [ERROR] Candle fetch error (attempt 3): Couldn't parse the JSON response received from the server: b'Access denied because of exceeding access rate'
2026-07-20 12:06:04,774 [ERROR] Candle fetch error (attempt 1): Couldn't parse the JSON response received from the server: b'Access denied because of exceeding access rate'
2026-07-20 12:07:39,756 [ERROR] Candle fetch error (attempt 1): Couldn't parse the JSON response received from the server: b'Access denied because of exceeding access rate'
2026-07-20 12:08:43,622 [ERROR] Candle fetch error (attempt 1): Couldn't parse the JSON response received from the server: b'Access denied because of exceeding access rate'
2026-07-20 12:09:16,204 [ERROR] Candle fetch error (attempt 1): Couldn't parse the JSON response received from the server: b'Access denied because of exceeding access rate'
2026-07-20 12:09:48,723 [ERROR] Candle fetch error (attempt 1): Couldn't parse the JSON response received from the server: b'Access denied because of exceeding access rate'
2026-07-20 12:14:57,330 [ERROR] Candle fetch error (attempt 1): HTTPSConnectionPool(host='apiconnect.angelone.in', port=443): Max retries exceeded with url: /rest/secure/angelbroking/historical/v1/getCandleData (Caused by NameResolutionError("<urllib3.connection.HTTPSConnection object at 0x000001E3077F2850>: Failed to resolve 'apiconnect.angelone.in' ([Errno 11001] getaddrinfo failed)"))
2026-07-20 12:14:58,975 [ERROR] Candle fetch error (attempt 2): Couldn't parse the JSON response received from the server: b'Access denied because of exceeding access rate'
2026-07-20 12:15:31,870 [ERROR] Candle fetch error (attempt 1): Couldn't parse the JSON response received from the server: b'Access denied because of exceeding access rate'
2026-07-20 12:15:33,067 [ERROR] Candle fetch error (attempt 2): Couldn't parse the JSON response received from the server: b'Access denied because of exceeding access rate'
2026-07-20 12:15:34,308 [ERROR] Candle fetch error (attempt 3): Couldn't parse the JSON response received from the server: b'Access denied because of exceeding access rate'
2026-07-20 12:16:06,593 [ERROR] Candle fetch error (attempt 1): Couldn't parse the JSON response received from the server: b'Access denied because of exceeding access rate'
2026-07-20 12:17:10,344 [ERROR] Candle fetch error (attempt 1): Couldn't parse the JSON response received from the server: b'Access denied because of exceeding access rate'
2026-07-20 12:17:11,534 [ERROR] Candle fetch error (attempt 2): Couldn't parse the JSON response received from the server: b'Access denied because of exceeding access rate'
2026-07-20 12:17:12,743 [ERROR] Candle fetch error (attempt 3): Couldn't parse the JSON response received from the server: b'Access denied because of exceeding access rate'
2026-07-20 12:18:16,211 [ERROR] Candle fetch error (attempt 1): Couldn't parse the JSON response received from the server: b'Access denied because of exceeding access rate'
2026-07-20 12:18:17,394 [ERROR] Candle fetch error (attempt 2): Couldn't parse the JSON response received from the server: b'Access denied because of exceeding access rate'
2026-07-20 12:19:52,299 [ERROR] Candle fetch error (attempt 1): Couldn't parse the JSON response received from the server: b'Access denied because of exceeding access rate'
2026-07-20 12:23:03,447 [ERROR] Candle fetch error (attempt 1): Couldn't parse the JSON response received from the server: b'Access denied because of exceeding access rate'
2026-07-20 12:23:04,764 [ERROR] Candle fetch error (attempt 2): Couldn't parse the JSON response received from the server: b'Access denied because of exceeding access rate'
2026-07-20 12:24:10,122 [ERROR] Candle fetch error (attempt 1): Couldn't parse the JSON response received from the server: b'Access denied because of exceeding access rate'
2026-07-20 12:24:11,455 [ERROR] Candle fetch error (attempt 2): Couldn't parse the JSON response received from the server: b'Access denied because of exceeding access rate'
2026-07-20 12:24:12,721 [ERROR] Candle fetch error (attempt 3): Couldn't parse the JSON response received from the server: b'Access denied because of exceeding access rate'
2026-07-20 12:25:16,982 [ERROR] Candle fetch error (attempt 1): Couldn't parse the JSON response received from the server: b'Access denied because of exceeding access rate'
2026-07-20 12:25:18,305 [ERROR] Candle fetch error (attempt 2): Couldn't parse the JSON response received from the server: b'Access denied because of exceeding access rate'
2026-07-20 12:25:51,609 [ERROR] Candle fetch error (attempt 1): Couldn't parse the JSON response received from the server: b'Access denied because of exceeding access rate'
2026-07-20 12:25:52,888 [ERROR] Candle fetch error (attempt 2): Couldn't parse the JSON response received from the server: b'Access denied because of exceeding access rate'
2026-07-20 12:28:32,999 [INFO] Starting bot. DRY_RUN=False
2026-07-20 12:28:33,624 [INFO] Logged in to Angel One SmartAPI.
2026-07-20 12:28:33,648 [INFO] Loaded existing state from disk (resuming after restart).
2026-07-20 12:29:36,589 [ERROR] Candle fetch error (attempt 1): Couldn't parse the JSON response received from the server: b'Access denied because of exceeding access rate'
2026-07-20 12:31:37,733 [INFO] Starting bot. DRY_RUN=False
2026-07-20 12:31:42,420 [INFO] Logged in to Angel One SmartAPI.
2026-07-20 12:31:42,596 [INFO] Loaded existing state from disk (resuming after restart).
2026-07-20 12:31:43,222 [ERROR] Candle fetch error (attempt 1): Couldn't parse the JSON response received from the server: b'Access denied because of exceeding access rate'
2026-07-20 12:32:49,920 [ERROR] Candle fetch error (attempt 1): Couldn't parse the JSON response received from the server: b'Access denied because of exceeding access rate'
2026-07-20 12:34:57,542 [ERROR] Candle fetch error (attempt 1): Couldn't parse the JSON response received from the server: b'Access denied because of exceeding access rate'
2026-07-20 12:36:01,394 [ERROR] Candle fetch error (attempt 1): Couldn't parse the JSON response received from the server: b'Access denied because of exceeding access rate'
2026-07-20 12:37:37,153 [ERROR] Candle fetch error (attempt 1): Couldn't parse the JSON response received from the server: b'Access denied because of exceeding access rate'
2026-07-20 12:37:38,341 [ERROR] Candle fetch error (attempt 2): Couldn't parse the JSON response received from the server: b'Access denied because of exceeding access rate'
2026-07-20 12:40:16,224 [ERROR] Candle fetch error (attempt 1): Couldn't parse the JSON response received from the server: b'Access denied because of exceeding access rate'
2026-07-20 12:40:48,774 [ERROR] Candle fetch error (attempt 1): Couldn't parse the JSON response received from the server: b'Access denied because of exceeding access rate'
2026-07-20 12:41:21,386 [ERROR] Candle fetch error (attempt 1): Couldn't parse the JSON response received from the server: b'Access denied because of exceeding access rate'
2026-07-20 12:41:22,610 [ERROR] Candle fetch error (attempt 2): Couldn't parse the JSON response received from the server: b'Access denied because of exceeding access rate'
2026-07-20 12:41:23,840 [ERROR] Candle fetch error (attempt 3): Couldn't parse the JSON response received from the server: b'Access denied because of exceeding access rate'
2026-07-20 12:41:24,851 [WARNING] SENSEX: No candle data.
2026-07-20 12:42:28,345 [ERROR] Candle fetch error (attempt 1): Couldn't parse the JSON response received from the server: b'Access denied because of exceeding access rate'
2026-07-20 12:43:01,009 [ERROR] Candle fetch error (attempt 1): Couldn't parse the JSON response received from the server: b'Access denied because of exceeding access rate'
2026-07-20 12:43:02,219 [ERROR] Candle fetch error (attempt 2): Couldn't parse the JSON response received from the server: b'Access denied because of exceeding access rate'
2026-07-20 12:43:34,720 [ERROR] Candle fetch error (attempt 1): Couldn't parse the JSON response received from the server: b'Access denied because of exceeding access rate'
2026-07-20 12:45:09,767 [ERROR] Candle fetch error (attempt 1): Couldn't parse the JSON response received from the server: b'Access denied because of exceeding access rate'
2026-07-20 12:45:42,443 [ERROR] Candle fetch error (attempt 1): Couldn't parse the JSON response received from the server: b'Access denied because of exceeding access rate'
2026-07-20 12:46:15,570 [ERROR] Candle fetch error (attempt 1): Couldn't parse the JSON response received from the server: b'Access denied because of exceeding access rate'
2026-07-20 12:47:21,344 [ERROR] Candle fetch error (attempt 1): Couldn't parse the JSON response received from the server: b'Access denied because of exceeding access rate'
2026-07-20 12:47:22,579 [ERROR] Candle fetch error (attempt 2): Couldn't parse the JSON response received from the server: b'Access denied because of exceeding access rate'
2026-07-20 12:47:56,881 [ERROR] Candle fetch error (attempt 1): Couldn't parse the JSON response received from the server: b'Access denied because of exceeding access rate'
2026-07-20 12:54:29,909 [INFO] Starting bot. DRY_RUN=False
2026-07-20 12:54:30,509 [INFO] Logged in to Angel One SmartAPI.
2026-07-20 12:54:30,549 [INFO] Loaded existing state from disk (resuming after restart).
2026-07-20 12:55:02,236 [ERROR] Candle fetch error (attempt 1): Couldn't parse the JSON response received from the server: b'Access denied because of exceeding access rate'
2026-07-20 12:55:03,459 [ERROR] Candle fetch error (attempt 2): Couldn't parse the JSON response received from the server: b'Access denied because of exceeding access rate'
2026-07-20 12:56:07,494 [ERROR] Candle fetch error (attempt 1): Couldn't parse the JSON response received from the server: b'Access denied because of exceeding access rate'
2026-07-20 12:57:42,601 [ERROR] Candle fetch error (attempt 1): Couldn't parse the JSON response received from the server: b'Access denied because of exceeding access rate'
2026-07-20 12:59:17,955 [ERROR] Candle fetch error (attempt 1): Couldn't parse the JSON response received from the server: b'Access denied because of exceeding access rate'
2026-07-20 12:59:50,558 [ERROR] Candle fetch error (attempt 1): Couldn't parse the JSON response received from the server: b'Access denied because of exceeding access rate'
2026-07-20 13:00:23,078 [ERROR] Candle fetch error (attempt 1): Couldn't parse the JSON response received from the server: b'Access denied because of exceeding access rate'
2026-07-20 13:02:31,358 [ERROR] Candle fetch error (attempt 1): Couldn't parse the JSON response received from the server: b'Access denied because of exceeding access rate'
2026-07-20 13:04:38,057 [ERROR] Candle fetch error (attempt 1): Couldn't parse the JSON response received from the server: b'Access denied because of exceeding access rate'
2026-07-20 13:04:39,254 [ERROR] Candle fetch error (attempt 2): Couldn't parse the JSON response received from the server: b'Access denied because of exceeding access rate'
2026-07-20 13:05:11,817 [ERROR] Candle fetch error (attempt 1): Couldn't parse the JSON response received from the server: b'Access denied because of exceeding access rate'
2026-07-20 13:05:13,010 [ERROR] Candle fetch error (attempt 2): Couldn't parse the JSON response received from the server: b'Access denied because of exceeding access rate'
2026-07-20 13:05:14,199 [ERROR] Candle fetch error (attempt 3): Couldn't parse the JSON response received from the server: b'Access denied because of exceeding access rate'
2026-07-20 13:05:15,207 [WARNING] SENSEX: No candle data.
2026-07-20 13:05:46,451 [ERROR] Candle fetch error (attempt 1): Couldn't parse the JSON response received from the server: b'Access denied because of exceeding access rate'
2026-07-20 13:06:50,109 [INFO] Bot stopped manually.
2026-07-20 13:08:16,232 [INFO] Starting bot. DRY_RUN=False
2026-07-20 13:08:17,025 [INFO] Logged in to Angel One SmartAPI.
2026-07-20 13:08:17,079 [INFO] Loaded existing state from disk (resuming after restart).
2026-07-20 13:08:17,442 [ERROR] Candle fetch error (attempt 1): Couldn't parse the JSON response received from the server: b'Access denied because of exceeding access rate'
2026-07-20 13:08:18,894 [ERROR] Candle fetch error (attempt 2): Couldn't parse the JSON response received from the server: b'Access denied because of exceeding access rate'
2026-07-20 13:08:51,418 [ERROR] Candle fetch error (attempt 1): Couldn't parse the JSON response received from the server: b'Access denied because of exceeding access rate'
2026-07-20 13:08:52,641 [ERROR] Candle fetch error (attempt 2): Couldn't parse the JSON response received from the server: b'Access denied because of exceeding access rate'
2026-07-20 13:08:54,026 [ERROR] Candle fetch error (attempt 3): Couldn't parse the JSON response received from the server: b'Access denied because of exceeding access rate'
2026-07-20 13:08:55,037 [WARNING] SENSEX: No candle data.
2026-07-20 13:09:26,050 [INFO] Bot stopped manually.
2026-07-20 13:09:31,557 [INFO] Starting bot. DRY_RUN=False
2026-07-20 13:09:32,478 [INFO] Logged in to Angel One SmartAPI.
2026-07-20 13:09:32,489 [INFO] Loaded existing state from disk (resuming after restart).
2026-07-20 13:10:04,029 [ERROR] Candle fetch error (attempt 1): Couldn't parse the JSON response received from the server: b'Access denied because of exceeding access rate'
2026-07-20 13:10:36,638 [ERROR] Candle fetch error (attempt 1): Couldn't parse the JSON response received from the server: b'Access denied because of exceeding access rate'
2026-07-20 13:10:37,859 [ERROR] Candle fetch error (attempt 2): Couldn't parse the JSON response received from the server: b'Access denied because of exceeding access rate'
2026-07-20 13:11:41,839 [ERROR] Candle fetch error (attempt 1): Couldn't parse the JSON response received from the server: b'Access denied because of exceeding access rate'
2026-07-20 13:11:43,084 [ERROR] Candle fetch error (attempt 2): Couldn't parse the JSON response received from the server: b'Access denied because of exceeding access rate'
2026-07-20 13:11:44,293 [ERROR] Candle fetch error (attempt 3): Couldn't parse the JSON response received from the server: b'Access denied because of exceeding access rate'
2026-07-20 13:11:45,302 [WARNING] SENSEX: No candle data.
2026-07-20 13:12:17,535 [ERROR] Candle fetch error (attempt 1): Couldn't parse the JSON response received from the server: b'Access denied because of exceeding access rate'
2026-07-20 13:13:21,429 [ERROR] Candle fetch error (attempt 1): Couldn't parse the JSON response received from the server: b'Access denied because of exceeding access rate'
2026-07-20 13:13:53,925 [ERROR] Candle fetch error (attempt 1): Couldn't parse the JSON response received from the server: b'Access denied because of exceeding access rate'
2026-07-20 13:14:57,898 [ERROR] Candle fetch error (attempt 1): Couldn't parse the JSON response received from the server: b'Access denied because of exceeding access rate'
2026-07-20 13:14:59,158 [ERROR] Candle fetch error (attempt 2): Couldn't parse the JSON response received from the server: b'Access denied because of exceeding access rate'
2026-07-20 13:15:00,377 [ERROR] Candle fetch error (attempt 3): Couldn't parse the JSON response received from the server: b'Access denied because of exceeding access rate'
2026-07-20 13:15:01,391 [WARNING] SENSEX: No candle data.
2026-07-20 13:15:32,593 [ERROR] Candle fetch error (attempt 1): Couldn't parse the JSON response received from the server: b'Access denied because of exceeding access rate'
2026-07-20 13:16:05,408 [ERROR] Candle fetch error (attempt 1): Couldn't parse the JSON response received from the server: b'Access denied because of exceeding access rate'
2026-07-20 13:16:06,616 [ERROR] Candle fetch error (attempt 2): Couldn't parse the JSON response received from the server: b'Access denied because of exceeding access rate'
2026-07-20 13:17:10,429 [ERROR] Candle fetch error (attempt 1): Couldn't parse the JSON response received from the server: b'Access denied because of exceeding access rate'
2026-07-20 13:17:11,673 [ERROR] Candle fetch error (attempt 2): Couldn't parse the JSON response received from the server: b'Access denied because of exceeding access rate'
2026-07-20 13:18:16,014 [ERROR] Candle fetch error (attempt 1): Couldn't parse the JSON response received from the server: b'Access denied because of exceeding access rate'
2026-07-20 13:18:18,125 [ERROR] Candle fetch error (attempt 2): Couldn't parse the JSON response received from the server: b'Access denied because of exceeding access rate'
2026-07-20 13:20:57,037 [ERROR] Candle fetch error (attempt 1): Couldn't parse the JSON response received from the server: b'Access denied because of exceeding access rate'
2026-07-20 13:20:58,287 [ERROR] Candle fetch error (attempt 2): Couldn't parse the JSON response received from the server: b'Access denied because of exceeding access rate'
2026-07-20 13:21:31,042 [ERROR] Candle fetch error (attempt 1): Couldn't parse the JSON response received from the server: b'Access denied because of exceeding access rate'
2026-07-20 13:22:35,036 [ERROR] Candle fetch error (attempt 1): Couldn't parse the JSON response received from the server: b'Access denied because of exceeding access rate'
2026-07-20 13:25:13,139 [ERROR] Candle fetch error (attempt 1): Couldn't parse the JSON response received from the server: b'Access denied because of exceeding access rate'
2026-07-20 13:26:48,489 [ERROR] Candle fetch error (attempt 1): Couldn't parse the JSON response received from the server: b'Access denied because of exceeding access rate'
2026-07-20 13:26:49,719 [ERROR] Candle fetch error (attempt 2): Couldn't parse the JSON response received from the server: b'Access denied because of exceeding access rate'
2026-07-20 13:27:53,652 [ERROR] Candle fetch error (attempt 1): Couldn't parse the JSON response received from the server: b'Access denied because of exceeding access rate'
2026-07-20 13:27:54,853 [ERROR] Candle fetch error (attempt 2): Couldn't parse the JSON response received from the server: b'Access denied because of exceeding access rate'
2026-07-20 13:28:58,621 [ERROR] Candle fetch error (attempt 1): Couldn't parse the JSON response received from the server: b'Access denied because of exceeding access rate'
2026-07-20 13:30:02,445 [ERROR] Candle fetch error (attempt 1): Couldn't parse the JSON response received from the server: b'Access denied because of exceeding access rate'
2026-07-20 13:30:03,681 [ERROR] Candle fetch error (attempt 2): Couldn't parse the JSON response received from the server: b'Access denied because of exceeding access rate'
2026-07-20 13:30:04,893 [ERROR] Candle fetch error (attempt 3): Couldn't parse the JSON response received from the server: b'Access denied because of exceeding access rate'
2026-07-20 13:30:05,903 [WARNING] SENSEX: No candle data.
2026-07-20 13:31:39,719 [ERROR] Candle fetch error (attempt 1): Couldn't parse the JSON response received from the server: b'Access denied because of exceeding access rate'
2026-07-20 13:31:40,918 [ERROR] Candle fetch error (attempt 2): Couldn't parse the JSON response received from the server: b'Access denied because of exceeding access rate'
2026-07-20 13:31:42,114 [ERROR] Candle fetch error (attempt 3): Couldn't parse the JSON response received from the server: b'Access denied because of exceeding access rate'
2026-07-20 13:31:43,121 [WARNING] SENSEX: No candle data.
2026-07-20 13:32:14,383 [ERROR] Candle fetch error (attempt 1): Couldn't parse the JSON response received from the server: b'Access denied because of exceeding access rate'
2026-07-20 13:35:23,282 [ERROR] Candle fetch error (attempt 1): Couldn't parse the JSON response received from the server: b'Access denied because of exceeding access rate'
2026-07-20 13:35:24,478 [ERROR] Candle fetch error (attempt 2): Couldn't parse the JSON response received from the server: b'Access denied because of exceeding access rate'
2026-07-20 13:35:25,708 [ERROR] Candle fetch error (attempt 3): Couldn't parse the JSON response received from the server: b'Access denied because of exceeding access rate'
2026-07-20 13:35:26,715 [WARNING] SENSEX: No candle data.
2026-07-20 13:38:34,800 [ERROR] Candle fetch error (attempt 1): Couldn't parse the JSON response received from the server: b'Access denied because of exceeding access rate'
2026-07-20 13:39:38,547 [ERROR] Candle fetch error (attempt 1): Couldn't parse the JSON response received from the server: b'Access denied because of exceeding access rate'
2026-07-20 13:40:11,068 [ERROR] Candle fetch error (attempt 1): Couldn't parse the JSON response received from the server: b'Access denied because of exceeding access rate'
2026-07-20 13:41:46,107 [ERROR] Candle fetch error (attempt 1): Couldn't parse the JSON response received from the server: b'Access denied because of exceeding access rate'
2026-07-20 13:43:52,489 [ERROR] Candle fetch error (attempt 1): Couldn't parse the JSON response received from the server: b'Access denied because of exceeding access rate'
2026-07-20 13:43:53,703 [ERROR] Candle fetch error (attempt 2): Couldn't parse the JSON response received from the server: b'Access denied because of exceeding access rate'
2026-07-20 13:47:03,780 [ERROR] Candle fetch error (attempt 1): Couldn't parse the JSON response received from the server: b'Access denied because of exceeding access rate'
2026-07-20 13:47:39,632 [ERROR] Candle fetch error (attempt 1): Couldn't parse the JSON response received from the server: b'Access denied because of exceeding access rate'
2026-07-20 13:48:12,337 [ERROR] Candle fetch error (attempt 1): Couldn't parse the JSON response received from the server: b'Access denied because of exceeding access rate'
2026-07-20 13:48:13,535 [ERROR] Candle fetch error (attempt 2): Couldn't parse the JSON response received from the server: b'Access denied because of exceeding access rate'
